[0m[[0m[0mdebug[0m] [0m[0m> Exec(;Test/compile; collectAnalyses, None, Some(CommandSource(network-1)))[0m
[0m[[0m[0mdebug[0m] [0m[0munmatched Processing event for requestId None: None[0m
[0m[[0m[0mdebug[0m] [0m[0munmatched Done event for requestId None: None[0m
[0m[[0m[0mdebug[0m] [0m[0m> Exec(Test/compile, None, Some(CommandSource(network-1)))[0m
[0m[[0m[0mdebug[0m] [0m[0munmatched Processing event for requestId None: None[0m
[0m[[0m[0mdebug[0m] [0m[0mEvaluating tasks: Test / compile[0m
[0m[[0m[0mdebug[0m] [0m[0mRunning task... Cancel: Signal, check cycles: false, forcegc: true[0m
[0m[[0m[0mdebug[0m] [0m[0mjsonRpcNotify: JsonRpcNotificationMessage(2.0, build/taskStart, {"taskId":{"id":"15","parents":[]},"eventTime":1678884277881,"message":"Compiling hello-world","dataKind":"compile-task","data":{"target":{"uri":"file:/C:/Users/conor/Documents/Projects/spellPoints/hello-world/#hello-world/Compile"}}})[0m
[0m[[0m[0minfo[0m] [0m[0mcompiling 1 Scala source to C:\Users\conor\Documents\Projects\spellPoints\hello-world\target\scala-2.13\classes ...[0m
[0m[[0m[0mdebug[0m] [0m[0mjsonRpcNotify: JsonRpcNotificationMessage(2.0, build/logMessage, {"type":3,"message":"compiling 1 Scala source to C:\\Users\\conor\\Documents\\Projects\\spellPoints\\hello-world\\target\\scala-2.13\\classes ..."})[0m
[0m[[0m[0mdebug[0m] [0m[0mjsonRpcNotify: JsonRpcNotificationMessage(2.0, build/publishDiagnostics, {"textDocument":{"uri":"file:///C:/Users/conor/Documents/Projects/spellPoints/hello-world/src/main/scala/Main.scala"},"buildTarget":{"uri":"file:/C:/Users/conor/Documents/Projects/spellPoints/hello-world/#hello-world/Compile"},"diagnostics":[{"range":{"start":{"line":26,"character":18},"end":{"line":26,"character":52}},"severity":1,"source":"sbt","message":"value keys is not a member of Int"}],"reset":false})[0m
[0m[[0m[31merror[0m] [0m[0mC:\Users\conor\Documents\Projects\spellPoints\hello-world\src\main\scala\Main.scala:27:49: value keys is not a member of Int[0m
[0m[[0m[31merror[0m] [0m[0m    spellPoints = spellPointTotal(currentLevel).keys.map(level => level -> 0).toMap[0m
[0m[[0m[31merror[0m] [0m[0m                                                ^[0m
[0m[[0m[0mdebug[0m] [0m[0mjsonRpcNotify: JsonRpcNotificationMessage(2.0, build/logMessage, {"type":1,"message":"C:\\Users\\conor\\Documents\\Projects\\spellPoints\\hello-world\\src\\main\\scala\\Main.scala:27:49: value keys is not a member of Int"})[0m
[0m[[0m[0mdebug[0m] [0m[0mjsonRpcNotify: JsonRpcNotificationMessage(2.0, build/logMessage, {"type":1,"message":"    spellPoints = spellPointTotal(currentLevel).keys.map(level => level -> 0).toMap"})[0m
[0m[[0m[0mdebug[0m] [0m[0mjsonRpcNotify: JsonRpcNotificationMessage(2.0, build/logMessage, {"type":1,"message":"                                                ^"})[0m
[0m[[0m[0mdebug[0m] [0m[0mjsonRpcNotify: JsonRpcNotificationMessage(2.0, build/publishDiagnostics, {"textDocument":{"uri":"file:///C:/Users/conor/Documents/Projects/spellPoints/hello-world/src/main/scala/Main.scala"},"buildTarget":{"uri":"file:/C:/Users/conor/Documents/Projects/spellPoints/hello-world/#hello-world/Compile"},"diagnostics":[{"range":{"start":{"line":35,"character":6},"end":{"line":35,"character":27}},"severity":1,"source":"sbt","message":"value maxValue is not a member of javafx.scene.control.SpinnerValueFactory[Int]"}],"reset":false})[0m
[0m[[0m[31merror[0m] [0m[0mC:\Users\conor\Documents\Projects\spellPoints\hello-world\src\main\scala\Main.scala:36:20: value maxValue is not a member of javafx.scene.control.SpinnerValueFactory[Int][0m
[0m[[0m[31merror[0m] [0m[0m      valueFactory.maxValue = spellPointTotal(currentLevel)(level)[0m
[0m[[0m[31merror[0m] [0m[0m                   ^[0m
[0m[[0m[0mdebug[0m] [0m[0mjsonRpcNotify: JsonRpcNotificationMessage(2.0, build/logMessage, {"type":1,"message":"C:\\Users\\conor\\Documents\\Projects\\spellPoints\\hello-world\\src\\main\\scala\\Main.scala:36:20: value maxValue is not a member of javafx.scene.control.SpinnerValueFactory[Int]"})[0m
[0m[[0m[0mdebug[0m] [0m[0mjsonRpcNotify: JsonRpcNotificationMessage(2.0, build/logMessage, {"type":1,"message":"      valueFactory.maxValue = spellPointTotal(currentLevel)(level)"})[0m
[0m[[0m[0mdebug[0m] [0m[0mjsonRpcNotify: JsonRpcNotificationMessage(2.0, build/logMessage, {"type":1,"message":"                   ^"})[0m
[0m[[0m[0mdebug[0m] [0m[0mjsonRpcNotify: JsonRpcNotificationMessage(2.0, build/publishDiagnostics, {"textDocument":{"uri":"file:///C:/Users/conor/Documents/Projects/spellPoints/hello-world/src/main/scala/Main.scala"},"buildTarget":{"uri":"file:/C:/Users/conor/Documents/Projects/spellPoints/hello-world/#hello-world/Compile"},"diagnostics":[{"range":{"start":{"line":37,"character":6},"end":{"line":37,"character":19}},"severity":1,"source":"sbt","message":"value value_= is not a member of scalafx.scene.control.Spinner[Int]"}],"reset":false})[0m
[0m[[0m[31merror[0m] [0m[0mC:\Users\conor\Documents\Projects\spellPoints\hello-world\src\main\scala\Main.scala:38:15: value value_= is not a member of scalafx.scene.control.Spinner[Int][0m
[0m[[0m[31merror[0m] [0m[0m      spinner.value = valueFactory.value // Update the spinner value if necessary[0m
[0m[[0m[31merror[0m] [0m[0m              ^[0m
[0m[[0m[0mdebug[0m] [0m[0mjsonRpcNotify: JsonRpcNotificationMessage(2.0, build/logMessage, {"type":1,"message":"C:\\Users\\conor\\Documents\\Projects\\spellPoints\\hello-world\\src\\main\\scala\\Main.scala:38:15: value value_= is not a member of scalafx.scene.control.Spinner[Int]"})[0m
[0m[[0m[0mdebug[0m] [0m[0mjsonRpcNotify: JsonRpcNotificationMessage(2.0, build/logMessage, {"type":1,"message":"      spinner.value = valueFactory.value // Update the spinner value if necessary"})[0m
[0m[[0m[0mdebug[0m] [0m[0mjsonRpcNotify: JsonRpcNotificationMessage(2.0, build/logMessage, {"type":1,"message":"              ^"})[0m
[0m[[0m[0mdebug[0m] [0m[0mjsonRpcNotify: JsonRpcNotificationMessage(2.0, build/publishDiagnostics, {"textDocument":{"uri":"file:///C:/Users/conor/Documents/Projects/spellPoints/hello-world/src/main/scala/Main.scala"},"buildTarget":{"uri":"file:/C:/Users/conor/Documents/Projects/spellPoints/hello-world/#hello-world/Compile"},"diagnostics":[{"range":{"start":{"line":48,"character":38},"end":{"line":48,"character":90}},"severity":1,"source":"sbt","message":"Int does not take parameters"}],"reset":false})[0m
[0m[[0m[31merror[0m] [0m[0mC:\Users\conor\Documents\Projects\spellPoints\hello-world\src\main\scala\Main.scala:49:84: Int does not take parameters[0m
[0m[[0m[31merror[0m] [0m[0m    val spinner = new Spinner[Int](0, spellPointTotal(casterLevelComboBox.getValue)(level), 0)[0m
[0m[[0m[31merror[0m] [0m[0m                                                                                   ^[0m
[0m[[0m[0mdebug[0m] [0m[0mjsonRpcNotify: JsonRpcNotificationMessage(2.0, build/logMessage, {"type":1,"message":"C:\\Users\\conor\\Documents\\Projects\\spellPoints\\hello-world\\src\\main\\scala\\Main.scala:49:84: Int does not take parameters"})[0m
[0m[[0m[0mdebug[0m] [0m[0mjsonRpcNotify: JsonRpcNotificationMessage(2.0, build/logMessage, {"type":1,"message":"    val spinner = new Spinner[Int](0, spellPointTotal(casterLevelComboBox.getValue)(level), 0)"})[0m
[0m[[0m[0mdebug[0m] [0m[0mjsonRpcNotify: JsonRpcNotificationMessage(2.0, build/logMessage, {"type":1,"message":"                                                                                   ^"})[0m
[0m[[0m[0mdebug[0m] [0m[0mjsonRpcNotify: JsonRpcNotificationMessage(2.0, build/publishDiagnostics, {"textDocument":{"uri":"file:///C:/Users/conor/Documents/Projects/spellPoints/hello-world/src/main/scala/Main.scala"},"buildTarget":{"uri":"file:/C:/Users/conor/Documents/Projects/spellPoints/hello-world/#hello-world/Compile"},"diagnostics":[{"range":{"start":{"line":49,"character":23},"end":{"line":49,"character":28}},"severity":1,"source":"sbt","message":"type mismatch;\n found   : Int\n required: AnyRef\nNote: an implicit exists from scala.Int => java.lang.Integer, but\nmethods inherited from Object are rendered ambiguous.  This is to avoid\na blanket implicit which would convert any scala.Int to any AnyRef.\nYou may wish to use a type ascription: `x: java.lang.Integer`."}],"reset":false})[0m
[0m[[0m[31merror[0m] [0m[0mC:\Users\conor\Documents\Projects\spellPoints\hello-world\src\main\scala\Main.scala:50:24: type mismatch;[0m
[0m[[0m[31merror[0m] [0m[0m found   : Int[0m
[0m[[0m[31merror[0m] [0m[0m required: AnyRef[0m
[0m[[0m[31merror[0m] [0m[0mNote: an implicit exists from scala.Int => java.lang.Integer, but[0m
[0m[[0m[31merror[0m] [0m[0mmethods inherited from Object are rendered ambiguous.  This is to avoid[0m
[0m[[0m[31merror[0m] [0m[0ma blanket implicit which would convert any scala.Int to any AnyRef.[0m
[0m[[0m[31merror[0m] [0m[0mYou may wish to use a type ascription: `x: java.lang.Integer`.[0m
[0m[[0m[31merror[0m] [0m[0m    spinner.userData = level[0m
[0m[[0m[31merror[0m] [0m[0m                       ^[0m
[0m[[0m[0mdebug[0m] [0m[0mjsonRpcNotify: JsonRpcNotificationMessage(2.0, build/logMessage, {"type":1,"message":"C:\\Users\\conor\\Documents\\Projects\\spellPoints\\hello-world\\src\\main\\scala\\Main.scala:50:24: type mismatch;\n found   : Int\n required: AnyRef\nNote: an implicit exists from scala.Int => java.lang.Integer, but\nmethods inherited from Object are rendered ambiguous.  This is to avoid\na blanket implicit which would convert any scala.Int to any AnyRef.\nYou may wish to use a type ascription: `x: java.lang.Integer`."})[0m
[0m[[0m[0mdebug[0m] [0m[0mjsonRpcNotify: JsonRpcNotificationMessage(2.0, build/logMessage, {"type":1,"message":"    spinner.userData = level"})[0m
[0m[[0m[0mdebug[0m] [0m[0mjsonRpcNotify: JsonRpcNotificationMessage(2.0, build/logMessage, {"type":1,"message":"                       ^"})[0m
[0m[[0m[0mdebug[0m] [0m[0mjsonRpcNotify: JsonRpcNotificationMessage(2.0, build/publishDiagnostics, {"textDocument":{"uri":"file:///C:/Users/conor/Documents/Projects/spellPoints/hello-world/src/main/scala/Main.scala"},"buildTarget":{"uri":"file:/C:/Users/conor/Documents/Projects/spellPoints/hello-world/#hello-world/Compile"},"diagnostics":[{"range":{"start":{"line":60,"character":14},"end":{"line":60,"character":94}},"severity":1,"source":"sbt","message":"Int does not take parameters; incompatible interpolation method s"}],"reset":false})[0m
[0m[[0m[31merror[0m] [0m[0mC:\Users\conor\Documents\Projects\spellPoints\hello-world\src\main\scala\Main.scala:61:15: Int does not take parameters; incompatible interpolation method s[0m
[0m[[0m[31merror[0m] [0m[0m    new Label(s"Level $level (${spellPointTotal(casterLevelComboBox.getValue)(level)} points)")[0m
[0m[[0m[31merror[0m] [0m[0m              ^[0m
[0m[[0m[0mdebug[0m] [0m[0mjsonRpcNotify: JsonRpcNotificationMessage(2.0, build/logMessage, {"type":1,"message":"C:\\Users\\conor\\Documents\\Projects\\spellPoints\\hello-world\\src\\main\\scala\\Main.scala:61:15: Int does not take parameters; incompatible interpolation method s"})[0m
[0m[[0m[0mdebug[0m] [0m[0mjsonRpcNotify: JsonRpcNotificationMessage(2.0, build/logMessage, {"type":1,"message":"    new Label(s\"Level $level (${spellPointTotal(casterLevelComboBox.getValue)(level)} points)\")"})[0m
[0m[[0m[0mdebug[0m] [0m[0mjsonRpcNotify: JsonRpcNotificationMessage(2.0, build/logMessage, {"type":1,"message":"              ^"})[0m
[0m[[0m[0mdebug[0m] [0m[0mjsonRpcNotify: JsonRpcNotificationMessage(2.0, build/taskProgress, {"taskId":{"id":"15","parents":[]},"eventTime":1678884279003,"message":"Compiling hello-world (15%)","total":26,"progress":15,"dataKind":"compile-progress","data":{"target":{"uri":"file:/C:/Users/conor/Documents/Projects/spellPoints/hello-world/#hello-world/Compile"}}})[0m
[0m[[0m[0mdebug[0m] [0m[0mjsonRpcNotify: JsonRpcNotificationMessage(2.0, build/taskProgress, {"taskId":{"id":"15","parents":[]},"eventTime":1678884279004,"message":"Compiling hello-world (15%)","total":26,"progress":15,"dataKind":"compile-progress","data":{"target":{"uri":"file:/C:/Users/conor/Documents/Projects/spellPoints/hello-world/#hello-world/Compile"}}})[0m
[0m[[0m[31merror[0m] [0m[0m6 errors found[0m
[0m[[0m[0mdebug[0m] [0m[0mjsonRpcNotify: JsonRpcNotificationMessage(2.0, build/logMessage, {"type":1,"message":"6 errors found"})[0m
[0m[[0m[0mdebug[0m] [0m[0mjsonRpcNotify: JsonRpcNotificationMessage(2.0, build/publishDiagnostics, {"textDocument":{"uri":"file:///C:/Users/conor/Documents/Projects/spellPoints/hello-world/src/main/scala/Main.scala"},"buildTarget":{"uri":"file:/C:/Users/conor/Documents/Projects/spellPoints/hello-world/#hello-world/Compile"},"diagnostics":[{"range":{"start":{"line":26,"character":18},"end":{"line":26,"character":52}},"severity":1,"source":"sbt","message":"value keys is not a member of Int"},{"range":{"start":{"line":35,"character":6},"end":{"line":35,"character":27}},"severity":1,"source":"sbt","message":"value maxValue is not a member of javafx.scene.control.SpinnerValueFactory[Int]"},{"range":{"start":{"line":37,"character":6},"end":{"line":37,"character":19}},"severity":1,"source":"sbt","message":"value value_= is not a member of scalafx.scene.control.Spinner[Int]"},{"range":{"start":{"line":48,"character":38},"end":{"line":48,"character":90}},"severity":1,"source":"sbt","message":"Int does not take parameters"},{"range":{"start":{"line":49,"character":23},"end":{"line":49,"character":28}},"severity":1,"source":"sbt","message":"type mismatch;\n found   : Int\n required: AnyRef\nNote: an implicit exists from scala.Int => java.lang.Integer, but\nmethods inherited from Object are rendered ambiguous.  This is to avoid\na blanket implicit which would convert any scala.Int to any AnyRef.\nYou may wish to use a type ascription: `x: java.lang.Integer`."},{"range":{"start":{"line":60,"character":14},"end":{"line":60,"character":94}},"severity":1,"source":"sbt","message":"Int does not take parameters; incompatible interpolation method s"}],"reset":true})[0m
[0m[[0m[0mdebug[0m] [0m[0mjsonRpcNotify: JsonRpcNotificationMessage(2.0, build/taskFinish, {"taskId":{"id":"15","parents":[]},"eventTime":1678884279008,"message":"Compiled hello-world","status":2,"dataKind":"compile-report","data":{"target":{"uri":"file:/C:/Users/conor/Documents/Projects/spellPoints/hello-world/#hello-world/Compile"},"errors":6,"warnings":0,"time":1127}})[0m
[0m[[0m[0mdebug[0m] [0m[0munmatched json error for requestId None: {"code":-32603,"message":"(Compile / \u001b[31mcompileIncremental\u001b[0m) Compilation failed"}[0m
[0m[[0m[31merror[0m] [0m[0m(Compile / [31mcompileIncremental[0m) Compilation failed[0m
[0m[[0m[0mdebug[0m] [0m[0mjsonRpcNotify: JsonRpcNotificationMessage(2.0, build/logMessage, {"type":1,"message":"(Compile / \u001b[31mcompileIncremental\u001b[0m) Compilation failed"})[0m
[0m[[0m[31merror[0m] [0m[0mTotal time: 1 s, completed 15 Mar 2023, 13:44:39[0m
[0m[[0m[0mdebug[0m] [0m[0munmatched Done event for requestId None: None[0m
[0m[[0m[0mdebug[0m] [0m[0m> Exec(shell, None, None)[0m
[0m[[0m[0mdebug[0m] [0m[0mUnhandled request received: shutdown: JsonRpcRequestMessage(2.0, ♨2, shutdown, null})[0m
