[0m[[0m[0mdebug[0m] [0m[0m> Exec(;Test/compile; collectAnalyses, None, Some(CommandSource(network-1)))[0m
[0m[[0m[0mdebug[0m] [0m[0munmatched Processing event for requestId None: None[0m
[0m[[0m[0mdebug[0m] [0m[0munmatched Done event for requestId None: None[0m
[0m[[0m[0mdebug[0m] [0m[0m> Exec(Test/compile, None, Some(CommandSource(network-1)))[0m
[0m[[0m[0mdebug[0m] [0m[0munmatched Processing event for requestId None: None[0m
[0m[[0m[0mdebug[0m] [0m[0mEvaluating tasks: Test / compile[0m
[0m[[0m[0mdebug[0m] [0m[0mRunning task... Cancel: Signal, check cycles: false, forcegc: true[0m
[0m[[0m[0mdebug[0m] [0m[0mjsonRpcNotify: JsonRpcNotificationMessage(2.0, build/taskStart, {"taskId":{"id":"10","parents":[]},"eventTime":1678818851288,"message":"Compiling hello-world","dataKind":"compile-task","data":{"target":{"uri":"file:/C:/Users/conor/Documents/Projects/spellPoints/hello-world/#hello-world/Compile"}}})[0m
[0m[[0m[0minfo[0m] [0m[0mcompiling 1 Scala source to C:\Users\conor\Documents\Projects\spellPoints\hello-world\target\scala-2.13\classes ...[0m
[0m[[0m[0mdebug[0m] [0m[0mjsonRpcNotify: JsonRpcNotificationMessage(2.0, build/logMessage, {"type":3,"message":"compiling 1 Scala source to C:\\Users\\conor\\Documents\\Projects\\spellPoints\\hello-world\\target\\scala-2.13\\classes ..."})[0m
[0m[[0m[0mdebug[0m] [0m[0mjsonRpcNotify: JsonRpcNotificationMessage(2.0, build/publishDiagnostics, {"textDocument":{"uri":"file:///C:/Users/conor/Documents/Projects/spellPoints/hello-world/src/main/scala/Main.scala"},"buildTarget":{"uri":"file:/C:/Users/conor/Documents/Projects/spellPoints/hello-world/#hello-world/Compile"},"diagnostics":[{"range":{"start":{"line":6,"character":0},"end":{"line":6,"character":1}},"severity":1,"source":"sbt","message":"expected class or object definition"}],"reset":false})[0m
[0m[[0m[31merror[0m] [0m[0mC:\Users\conor\Documents\Projects\spellPoints\hello-world\src\main\scala\Main.scala:7:1: expected class or object definition[0m
[0m[[0m[31merror[0m] [0m[0mval spellPointMax = Map(1 -> 4, 2 -> 6, 3 -> 14, 4 -> 17, 5 -> 27, 6 -> 32, 7 -> 38, 8 -> 44, 9 -> 57)[0m
[0m[[0m[31merror[0m] [0m[0m^[0m
[0m[[0m[0mdebug[0m] [0m[0mjsonRpcNotify: JsonRpcNotificationMessage(2.0, build/logMessage, {"type":1,"message":"C:\\Users\\conor\\Documents\\Projects\\spellPoints\\hello-world\\src\\main\\scala\\Main.scala:7:1: expected class or object definition"})[0m
[0m[[0m[0mdebug[0m] [0m[0mjsonRpcNotify: JsonRpcNotificationMessage(2.0, build/logMessage, {"type":1,"message":"val spellPointMax = Map(1 -> 4, 2 -> 6, 3 -> 14, 4 -> 17, 5 -> 27, 6 -> 32, 7 -> 38, 8 -> 44, 9 -> 57)"})[0m
[0m[[0m[0mdebug[0m] [0m[0mjsonRpcNotify: JsonRpcNotificationMessage(2.0, build/logMessage, {"type":1,"message":"^"})[0m
[0m[[0m[0mdebug[0m] [0m[0mjsonRpcNotify: JsonRpcNotificationMessage(2.0, build/publishDiagnostics, {"textDocument":{"uri":"file:///C:/Users/conor/Documents/Projects/spellPoints/hello-world/src/main/scala/Main.scala"},"buildTarget":{"uri":"file:/C:/Users/conor/Documents/Projects/spellPoints/hello-world/#hello-world/Compile"},"diagnostics":[{"range":{"start":{"line":8,"character":0},"end":{"line":8,"character":1}},"severity":1,"source":"sbt","message":"expected class or object definition"}],"reset":false})[0m
[0m[[0m[31merror[0m] [0m[0mC:\Users\conor\Documents\Projects\spellPoints\hello-world\src\main\scala\Main.scala:9:1: expected class or object definition[0m
[0m[[0m[31merror[0m] [0m[0mvar spellPoints = Map(1 -> 4, 2 -> 6, 3 -> 14, 4 -> 17, 5 -> 27, 6 -> 32, 7 -> 38, 8 -> 44, 9 -> 57)[0m
[0m[[0m[31merror[0m] [0m[0m^[0m
[0m[[0m[0mdebug[0m] [0m[0mjsonRpcNotify: JsonRpcNotificationMessage(2.0, build/logMessage, {"type":1,"message":"C:\\Users\\conor\\Documents\\Projects\\spellPoints\\hello-world\\src\\main\\scala\\Main.scala:9:1: expected class or object definition"})[0m
[0m[[0m[0mdebug[0m] [0m[0mjsonRpcNotify: JsonRpcNotificationMessage(2.0, build/logMessage, {"type":1,"message":"var spellPoints = Map(1 -> 4, 2 -> 6, 3 -> 14, 4 -> 17, 5 -> 27, 6 -> 32, 7 -> 38, 8 -> 44, 9 -> 57)"})[0m
[0m[[0m[0mdebug[0m] [0m[0mjsonRpcNotify: JsonRpcNotificationMessage(2.0, build/logMessage, {"type":1,"message":"^"})[0m
[0m[[0m[0mdebug[0m] [0m[0mjsonRpcNotify: JsonRpcNotificationMessage(2.0, build/publishDiagnostics, {"textDocument":{"uri":"file:///C:/Users/conor/Documents/Projects/spellPoints/hello-world/src/main/scala/Main.scala"},"buildTarget":{"uri":"file:/C:/Users/conor/Documents/Projects/spellPoints/hello-world/#hello-world/Compile"},"diagnostics":[{"range":{"start":{"line":10,"character":0},"end":{"line":10,"character":1}},"severity":1,"source":"sbt","message":"expected class or object definition"}],"reset":false})[0m
[0m[[0m[31merror[0m] [0m[0mC:\Users\conor\Documents\Projects\spellPoints\hello-world\src\main\scala\Main.scala:11:1: expected class or object definition[0m
[0m[[0m[31merror[0m] [0m[0mvar casterLevel = 1[0m
[0m[[0m[31merror[0m] [0m[0m^[0m
[0m[[0m[0mdebug[0m] [0m[0mjsonRpcNotify: JsonRpcNotificationMessage(2.0, build/logMessage, {"type":1,"message":"C:\\Users\\conor\\Documents\\Projects\\spellPoints\\hello-world\\src\\main\\scala\\Main.scala:11:1: expected class or object definition"})[0m
[0m[[0m[0mdebug[0m] [0m[0mjsonRpcNotify: JsonRpcNotificationMessage(2.0, build/logMessage, {"type":1,"message":"var casterLevel = 1"})[0m
[0m[[0m[0mdebug[0m] [0m[0mjsonRpcNotify: JsonRpcNotificationMessage(2.0, build/logMessage, {"type":1,"message":"^"})[0m
[0m[[0m[0mdebug[0m] [0m[0mjsonRpcNotify: JsonRpcNotificationMessage(2.0, build/publishDiagnostics, {"textDocument":{"uri":"file:///C:/Users/conor/Documents/Projects/spellPoints/hello-world/src/main/scala/Main.scala"},"buildTarget":{"uri":"file:/C:/Users/conor/Documents/Projects/spellPoints/hello-world/#hello-world/Compile"},"diagnostics":[{"range":{"start":{"line":12,"character":0},"end":{"line":12,"character":1}},"severity":1,"source":"sbt","message":"expected class or object definition"}],"reset":false})[0m
[0m[[0m[31merror[0m] [0m[0mC:\Users\conor\Documents\Projects\spellPoints\hello-world\src\main\scala\Main.scala:13:1: expected class or object definition[0m
[0m[[0m[31merror[0m] [0m[0mdef updateSpellPoints(): Unit = {[0m
[0m[[0m[31merror[0m] [0m[0m^[0m
[0m[[0m[0mdebug[0m] [0m[0mjsonRpcNotify: JsonRpcNotificationMessage(2.0, build/logMessage, {"type":1,"message":"C:\\Users\\conor\\Documents\\Projects\\spellPoints\\hello-world\\src\\main\\scala\\Main.scala:13:1: expected class or object definition"})[0m
[0m[[0m[0mdebug[0m] [0m[0mjsonRpcNotify: JsonRpcNotificationMessage(2.0, build/logMessage, {"type":1,"message":"def updateSpellPoints(): Unit = {"})[0m
[0m[[0m[0mdebug[0m] [0m[0mjsonRpcNotify: JsonRpcNotificationMessage(2.0, build/logMessage, {"type":1,"message":"^"})[0m
[0m[[0m[0mdebug[0m] [0m[0mjsonRpcNotify: JsonRpcNotificationMessage(2.0, build/publishDiagnostics, {"textDocument":{"uri":"file:///C:/Users/conor/Documents/Projects/spellPoints/hello-world/src/main/scala/Main.scala"},"buildTarget":{"uri":"file:/C:/Users/conor/Documents/Projects/spellPoints/hello-world/#hello-world/Compile"},"diagnostics":[{"range":{"start":{"line":19,"character":0},"end":{"line":19,"character":1}},"severity":1,"source":"sbt","message":"expected class or object definition"}],"reset":false})[0m
[0m[[0m[31merror[0m] [0m[0mC:\Users\conor\Documents\Projects\spellPoints\hello-world\src\main\scala\Main.scala:20:1: expected class or object definition[0m
[0m[[0m[31merror[0m] [0m[0mdef updateSpellLevelSpinners(): Unit = {[0m
[0m[[0m[31merror[0m] [0m[0m^[0m
[0m[[0m[0mdebug[0m] [0m[0mjsonRpcNotify: JsonRpcNotificationMessage(2.0, build/logMessage, {"type":1,"message":"C:\\Users\\conor\\Documents\\Projects\\spellPoints\\hello-world\\src\\main\\scala\\Main.scala:20:1: expected class or object definition"})[0m
[0m[[0m[0mdebug[0m] [0m[0mjsonRpcNotify: JsonRpcNotificationMessage(2.0, build/logMessage, {"type":1,"message":"def updateSpellLevelSpinners(): Unit = {"})[0m
[0m[[0m[0mdebug[0m] [0m[0mjsonRpcNotify: JsonRpcNotificationMessage(2.0, build/logMessage, {"type":1,"message":"^"})[0m
[0m[[0m[0mdebug[0m] [0m[0mjsonRpcNotify: JsonRpcNotificationMessage(2.0, build/publishDiagnostics, {"textDocument":{"uri":"file:///C:/Users/conor/Documents/Projects/spellPoints/hello-world/src/main/scala/Main.scala"},"buildTarget":{"uri":"file:/C:/Users/conor/Documents/Projects/spellPoints/hello-world/#hello-world/Compile"},"diagnostics":[{"range":{"start":{"line":27,"character":0},"end":{"line":27,"character":1}},"severity":1,"source":"sbt","message":"expected class or object definition"}],"reset":false})[0m
[0m[[0m[31merror[0m] [0m[0mC:\Users\conor\Documents\Projects\spellPoints\hello-world\src\main\scala\Main.scala:28:1: expected class or object definition[0m
[0m[[0m[31merror[0m] [0m[0mval totalPointsLabel = new Label(s"Total spell points: ${spellPoints.values.sum}")[0m
[0m[[0m[31merror[0m] [0m[0m^[0m
[0m[[0m[0mdebug[0m] [0m[0mjsonRpcNotify: JsonRpcNotificationMessage(2.0, build/logMessage, {"type":1,"message":"C:\\Users\\conor\\Documents\\Projects\\spellPoints\\hello-world\\src\\main\\scala\\Main.scala:28:1: expected class or object definition"})[0m
[0m[[0m[0mdebug[0m] [0m[0mjsonRpcNotify: JsonRpcNotificationMessage(2.0, build/logMessage, {"type":1,"message":"val totalPointsLabel = new Label(s\"Total spell points: ${spellPoints.values.sum}\")"})[0m
[0m[[0m[0mdebug[0m] [0m[0mjsonRpcNotify: JsonRpcNotificationMessage(2.0, build/logMessage, {"type":1,"message":"^"})[0m
[0m[[0m[0mdebug[0m] [0m[0mjsonRpcNotify: JsonRpcNotificationMessage(2.0, build/publishDiagnostics, {"textDocument":{"uri":"file:///C:/Users/conor/Documents/Projects/spellPoints/hello-world/src/main/scala/Main.scala"},"buildTarget":{"uri":"file:/C:/Users/conor/Documents/Projects/spellPoints/hello-world/#hello-world/Compile"},"diagnostics":[{"range":{"start":{"line":29,"character":0},"end":{"line":29,"character":1}},"severity":1,"source":"sbt","message":"expected class or object definition"}],"reset":false})[0m
[0m[[0m[31merror[0m] [0m[0mC:\Users\conor\Documents\Projects\spellPoints\hello-world\src\main\scala\Main.scala:30:1: expected class or object definition[0m
[0m[[0m[31merror[0m] [0m[0mval casterLevelInput = new ComboBox(1 to 20).value.onChange { (_, _, newLevel) =>[0m
[0m[[0m[31merror[0m] [0m[0m^[0m
[0m[[0m[0mdebug[0m] [0m[0mjsonRpcNotify: JsonRpcNotificationMessage(2.0, build/logMessage, {"type":1,"message":"C:\\Users\\conor\\Documents\\Projects\\spellPoints\\hello-world\\src\\main\\scala\\Main.scala:30:1: expected class or object definition"})[0m
[0m[[0m[0mdebug[0m] [0m[0mjsonRpcNotify: JsonRpcNotificationMessage(2.0, build/logMessage, {"type":1,"message":"val casterLevelInput = new ComboBox(1 to 20).value.onChange { (_, _, newLevel) =>"})[0m
[0m[[0m[0mdebug[0m] [0m[0mjsonRpcNotify: JsonRpcNotificationMessage(2.0, build/logMessage, {"type":1,"message":"^"})[0m
[0m[[0m[0mdebug[0m] [0m[0mjsonRpcNotify: JsonRpcNotificationMessage(2.0, build/publishDiagnostics, {"textDocument":{"uri":"file:///C:/Users/conor/Documents/Projects/spellPoints/hello-world/src/main/scala/Main.scala"},"buildTarget":{"uri":"file:/C:/Users/conor/Documents/Projects/spellPoints/hello-world/#hello-world/Compile"},"diagnostics":[{"range":{"start":{"line":35,"character":0},"end":{"line":35,"character":1}},"severity":1,"source":"sbt","message":"expected class or object definition"}],"reset":false})[0m
[0m[[0m[31merror[0m] [0m[0mC:\Users\conor\Documents\Projects\spellPoints\hello-world\src\main\scala\Main.scala:36:1: expected class or object definition[0m
[0m[[0m[31merror[0m] [0m[0mval spellLevelSpinners = spellPointMax.keys.toSeq.sorted.map(level => {[0m
[0m[[0m[31merror[0m] [0m[0m^[0m
[0m[[0m[0mdebug[0m] [0m[0mjsonRpcNotify: JsonRpcNotificationMessage(2.0, build/logMessage, {"type":1,"message":"C:\\Users\\conor\\Documents\\Projects\\spellPoints\\hello-world\\src\\main\\scala\\Main.scala:36:1: expected class or object definition"})[0m
[0m[[0m[0mdebug[0m] [0m[0mjsonRpcNotify: JsonRpcNotificationMessage(2.0, build/logMessage, {"type":1,"message":"val spellLevelSpinners = spellPointMax.keys.toSeq.sorted.map(level => {"})[0m
[0m[[0m[0mdebug[0m] [0m[0mjsonRpcNotify: JsonRpcNotificationMessage(2.0, build/logMessage, {"type":1,"message":"^"})[0m
[0m[[0m[0mdebug[0m] [0m[0mjsonRpcNotify: JsonRpcNotificationMessage(2.0, build/publishDiagnostics, {"textDocument":{"uri":"file:///C:/Users/conor/Documents/Projects/spellPoints/hello-world/src/main/scala/Main.scala"},"buildTarget":{"uri":"file:/C:/Users/conor/Documents/Projects/spellPoints/hello-world/#hello-world/Compile"},"diagnostics":[{"range":{"start":{"line":45,"character":0},"end":{"line":45,"character":1}},"severity":1,"source":"sbt","message":"expected class or object definition"}],"reset":false})[0m
[0m[[0m[31merror[0m] [0m[0mC:\Users\conor\Documents\Projects\spellPoints\hello-world\src\main\scala\Main.scala:46:1: expected class or object definition[0m
[0m[[0m[31merror[0m] [0m[0mupdateSpellLevelSpinners()[0m
[0m[[0m[31merror[0m] [0m[0m^[0m
[0m[[0m[0mdebug[0m] [0m[0mjsonRpcNotify: JsonRpcNotificationMessage(2.0, build/logMessage, {"type":1,"message":"C:\\Users\\conor\\Documents\\Projects\\spellPoints\\hello-world\\src\\main\\scala\\Main.scala:46:1: expected class or object definition"})[0m
[0m[[0m[0mdebug[0m] [0m[0mjsonRpcNotify: JsonRpcNotificationMessage(2.0, build/logMessage, {"type":1,"message":"updateSpellLevelSpinners()"})[0m
[0m[[0m[0mdebug[0m] [0m[0mjsonRpcNotify: JsonRpcNotificationMessage(2.0, build/logMessage, {"type":1,"message":"^"})[0m
[0m[[0m[0mdebug[0m] [0m[0mjsonRpcNotify: JsonRpcNotificationMessage(2.0, build/publishDiagnostics, {"textDocument":{"uri":"file:///C:/Users/conor/Documents/Projects/spellPoints/hello-world/src/main/scala/Main.scala"},"buildTarget":{"uri":"file:/C:/Users/conor/Documents/Projects/spellPoints/hello-world/#hello-world/Compile"},"diagnostics":[{"range":{"start":{"line":47,"character":0},"end":{"line":47,"character":1}},"severity":1,"source":"sbt","message":"expected class or object definition"}],"reset":false})[0m
[0m[[0m[31merror[0m] [0m[0mC:\Users\conor\Documents\Projects\spellPoints\hello-world\src\main\scala\Main.scala:48:1: expected class or object definition[0m
[0m[[0m[31merror[0m] [0m[0mval pane = new VBox()[0m
[0m[[0m[31merror[0m] [0m[0m^[0m
[0m[[0m[0mdebug[0m] [0m[0mjsonRpcNotify: JsonRpcNotificationMessage(2.0, build/logMessage, {"type":1,"message":"C:\\Users\\conor\\Documents\\Projects\\spellPoints\\hello-world\\src\\main\\scala\\Main.scala:48:1: expected class or object definition"})[0m
[0m[[0m[0mdebug[0m] [0m[0mjsonRpcNotify: JsonRpcNotificationMessage(2.0, build/logMessage, {"type":1,"message":"val pane = new VBox()"})[0m
[0m[[0m[0mdebug[0m] [0m[0mjsonRpcNotify: JsonRpcNotificationMessage(2.0, build/logMessage, {"type":1,"message":"^"})[0m
[0m[[0m[0mdebug[0m] [0m[0mjsonRpcNotify: JsonRpcNotificationMessage(2.0, build/publishDiagnostics, {"textDocument":{"uri":"file:///C:/Users/conor/Documents/Projects/spellPoints/hello-world/src/main/scala/Main.scala"},"buildTarget":{"uri":"file:/C:/Users/conor/Documents/Projects/spellPoints/hello-world/#hello-world/Compile"},"diagnostics":[{"range":{"start":{"line":48,"character":0},"end":{"line":48,"character":1}},"severity":1,"source":"sbt","message":"expected class or object definition"}],"reset":false})[0m
[0m[[0m[31merror[0m] [0m[0mC:\Users\conor\Documents\Projects\spellPoints\hello-world\src\main\scala\Main.scala:49:1: expected class or object definition[0m
[0m[[0m[31merror[0m] [0m[0mpane.spacing = 10[0m
[0m[[0m[31merror[0m] [0m[0m^[0m
[0m[[0m[0mdebug[0m] [0m[0mjsonRpcNotify: JsonRpcNotificationMessage(2.0, build/logMessage, {"type":1,"message":"C:\\Users\\conor\\Documents\\Projects\\spellPoints\\hello-world\\src\\main\\scala\\Main.scala:49:1: expected class or object definition"})[0m
[0m[[0m[0mdebug[0m] [0m[0mjsonRpcNotify: JsonRpcNotificationMessage(2.0, build/logMessage, {"type":1,"message":"pane.spacing = 10"})[0m
[0m[[0m[0mdebug[0m] [0m[0mjsonRpcNotify: JsonRpcNotificationMessage(2.0, build/logMessage, {"type":1,"message":"^"})[0m
[0m[[0m[0mdebug[0m] [0m[0mjsonRpcNotify: JsonRpcNotificationMessage(2.0, build/publishDiagnostics, {"textDocument":{"uri":"file:///C:/Users/conor/Documents/Projects/spellPoints/hello-world/src/main/scala/Main.scala"},"buildTarget":{"uri":"file:/C:/Users/conor/Documents/Projects/spellPoints/hello-world/#hello-world/Compile"},"diagnostics":[{"range":{"start":{"line":49,"character":0},"end":{"line":49,"character":1}},"severity":1,"source":"sbt","message":"expected class or object definition"}],"reset":false})[0m
[0m[[0m[31merror[0m] [0m[0mC:\Users\conor\Documents\Projects\spellPoints\hello-world\src\main\scala\Main.scala:50:1: expected class or object definition[0m
[0m[[0m[31merror[0m] [0m[0mpane.padding = Insets(10)[0m
[0m[[0m[31merror[0m] [0m[0m^[0m
[0m[[0m[0mdebug[0m] [0m[0mjsonRpcNotify: JsonRpcNotificationMessage(2.0, build/logMessage, {"type":1,"message":"C:\\Users\\conor\\Documents\\Projects\\spellPoints\\hello-world\\src\\main\\scala\\Main.scala:50:1: expected class or object definition"})[0m
[0m[[0m[0mdebug[0m] [0m[0mjsonRpcNotify: JsonRpcNotificationMessage(2.0, build/logMessage, {"type":1,"message":"pane.padding = Insets(10)"})[0m
[0m[[0m[0mdebug[0m] [0m[0mjsonRpcNotify: JsonRpcNotificationMessage(2.0, build/logMessage, {"type":1,"message":"^"})[0m
[0m[[0m[0mdebug[0m] [0m[0mjsonRpcNotify: JsonRpcNotificationMessage(2.0, build/publishDiagnostics, {"textDocument":{"uri":"file:///C:/Users/conor/Documents/Projects/spellPoints/hello-world/src/main/scala/Main.scala"},"buildTarget":{"uri":"file:/C:/Users/conor/Documents/Projects/spellPoints/hello-world/#hello-world/Compile"},"diagnostics":[{"range":{"start":{"line":50,"character":0},"end":{"line":50,"character":1}},"severity":1,"source":"sbt","message":"expected class or object definition"}],"reset":false})[0m
[0m[[0m[31merror[0m] [0m[0mC:\Users\conor\Documents\Projects\spellPoints\hello-world\src\main\scala\Main.scala:51:1: expected class or object definition[0m
[0m[[0m[31merror[0m] [0m[0mpane.children = List([0m
[0m[[0m[31merror[0m] [0m[0m^[0m
[0m[[0m[0mdebug[0m] [0m[0mjsonRpcNotify: JsonRpcNotificationMessage(2.0, build/logMessage, {"type":1,"message":"C:\\Users\\conor\\Documents\\Projects\\spellPoints\\hello-world\\src\\main\\scala\\Main.scala:51:1: expected class or object definition"})[0m
[0m[[0m[0mdebug[0m] [0m[0mjsonRpcNotify: JsonRpcNotificationMessage(2.0, build/logMessage, {"type":1,"message":"pane.children = List("})[0m
[0m[[0m[0mdebug[0m] [0m[0mjsonRpcNotify: JsonRpcNotificationMessage(2.0, build/logMessage, {"type":1,"message":"^"})[0m
[0m[[0m[0mdebug[0m] [0m[0mjsonRpcNotify: JsonRpcNotificationMessage(2.0, build/publishDiagnostics, {"textDocument":{"uri":"file:///C:/Users/conor/Documents/Projects/spellPoints/hello-world/src/main/scala/Main.scala"},"buildTarget":{"uri":"file:/C:/Users/conor/Documents/Projects/spellPoints/hello-world/#hello-world/Compile"},"diagnostics":[{"range":{"start":{"line":80,"character":0},"end":{"line":80,"character":1}},"severity":1,"source":"sbt","message":"expected class or object definition"}],"reset":false})[0m
[0m[[0m[31merror[0m] [0m[0mC:\Users\conor\Documents\Projects\spellPoints\hello-world\src\main\scala\Main.scala:81:1: expected class or object definition[0m
[0m[[0m[31merror[0m] [0m[0mnew JFXApp {[0m
[0m[[0m[31merror[0m] [0m[0m^[0m
[0m[[0m[0mdebug[0m] [0m[0mjsonRpcNotify: JsonRpcNotificationMessage(2.0, build/logMessage, {"type":1,"message":"C:\\Users\\conor\\Documents\\Projects\\spellPoints\\hello-world\\src\\main\\scala\\Main.scala:81:1: expected class or object definition"})[0m
[0m[[0m[0mdebug[0m] [0m[0mjsonRpcNotify: JsonRpcNotificationMessage(2.0, build/logMessage, {"type":1,"message":"new JFXApp {"})[0m
[0m[[0m[0mdebug[0m] [0m[0mjsonRpcNotify: JsonRpcNotificationMessage(2.0, build/logMessage, {"type":1,"message":"^"})[0m
[0m[[0m[31merror[0m] [0m[0m14 errors found[0m
[0m[[0m[0mdebug[0m] [0m[0mjsonRpcNotify: JsonRpcNotificationMessage(2.0, build/logMessage, {"type":1,"message":"14 errors found"})[0m
[0m[[0m[0mdebug[0m] [0m[0mjsonRpcNotify: JsonRpcNotificationMessage(2.0, build/publishDiagnostics, {"textDocument":{"uri":"file:///C:/Users/conor/Documents/Projects/spellPoints/hello-world/src/main/scala/Main.scala"},"buildTarget":{"uri":"file:/C:/Users/conor/Documents/Projects/spellPoints/hello-world/#hello-world/Compile"},"diagnostics":[{"range":{"start":{"line":6,"character":0},"end":{"line":6,"character":1}},"severity":1,"source":"sbt","message":"expected class or object definition"},{"range":{"start":{"line":8,"character":0},"end":{"line":8,"character":1}},"severity":1,"source":"sbt","message":"expected class or object definition"},{"range":{"start":{"line":10,"character":0},"end":{"line":10,"character":1}},"severity":1,"source":"sbt","message":"expected class or object definition"},{"range":{"start":{"line":12,"character":0},"end":{"line":12,"character":1}},"severity":1,"source":"sbt","message":"expected class or object definition"},{"range":{"start":{"line":19,"character":0},"end":{"line":19,"character":1}},"severity":1,"source":"sbt","message":"expected class or object definition"},{"range":{"start":{"line":27,"character":0},"end":{"line":27,"character":1}},"severity":1,"source":"sbt","message":"expected class or object definition"},{"range":{"start":{"line":29,"character":0},"end":{"line":29,"character":1}},"severity":1,"source":"sbt","message":"expected class or object definition"},{"range":{"start":{"line":35,"character":0},"end":{"line":35,"character":1}},"severity":1,"source":"sbt","message":"expected class or object definition"},{"range":{"start":{"line":45,"character":0},"end":{"line":45,"character":1}},"severity":1,"source":"sbt","message":"expected class or object definition"},{"range":{"start":{"line":47,"character":0},"end":{"line":47,"character":1}},"severity":1,"source":"sbt","message":"expected class or object definition"},{"range":{"start":{"line":48,"character":0},"end":{"line":48,"character":1}},"severity":1,"source":"sbt","message":"expected class or object definition"},{"range":{"start":{"line":49,"character":0},"end":{"line":49,"character":1}},"severity":1,"source":"sbt","message":"expected class or object definition"},{"range":{"start":{"line":50,"character":0},"end":{"line":50,"character":1}},"severity":1,"source":"sbt","message":"expected class or object definition"},{"range":{"start":{"line":80,"character":0},"end":{"line":80,"character":1}},"severity":1,"source":"sbt","message":"expected class or object definition"}],"reset":true})[0m
[0m[[0m[0mdebug[0m] [0m[0mjsonRpcNotify: JsonRpcNotificationMessage(2.0, build/taskFinish, {"taskId":{"id":"10","parents":[]},"eventTime":1678818851877,"message":"Compiled hello-world","status":2,"dataKind":"compile-report","data":{"target":{"uri":"file:/C:/Users/conor/Documents/Projects/spellPoints/hello-world/#hello-world/Compile"},"errors":14,"warnings":0,"time":589}})[0m
[0m[[0m[0mdebug[0m] [0m[0munmatched json error for requestId None: {"code":-32603,"message":"(Compile / \u001b[31mcompileIncremental\u001b[0m) Compilation failed"}[0m
[0m[[0m[31merror[0m] [0m[0m(Compile / [31mcompileIncremental[0m) Compilation failed[0m
[0m[[0m[0mdebug[0m] [0m[0mjsonRpcNotify: JsonRpcNotificationMessage(2.0, build/logMessage, {"type":1,"message":"(Compile / \u001b[31mcompileIncremental\u001b[0m) Compilation failed"})[0m
[0m[[0m[31merror[0m] [0m[0mTotal time: 1 s, completed 14 Mar 2023, 19:34:11[0m
[0m[[0m[0mdebug[0m] [0m[0munmatched Done event for requestId None: None[0m
[0m[[0m[0mdebug[0m] [0m[0m> Exec(shell, None, None)[0m
[0m[[0m[0mdebug[0m] [0m[0mUnhandled request received: shutdown: JsonRpcRequestMessage(2.0, ♨1, shutdown, null})[0m
