[0m[[0m[0mdebug[0m] [0m[0m> Exec(;Test/compile; collectAnalyses, None, Some(CommandSource(network-1)))[0m
[0m[[0m[0mdebug[0m] [0m[0munmatched Processing event for requestId None: None[0m
[0m[[0m[0mdebug[0m] [0m[0munmatched Done event for requestId None: None[0m
[0m[[0m[0mdebug[0m] [0m[0m> Exec(Test/compile, None, Some(CommandSource(network-1)))[0m
[0m[[0m[0mdebug[0m] [0m[0munmatched Processing event for requestId None: None[0m
[0m[[0m[0mdebug[0m] [0m[0mEvaluating tasks: Test / compile[0m
[0m[[0m[0mdebug[0m] [0m[0mRunning task... Cancel: Signal, check cycles: false, forcegc: true[0m
[0m[[0m[0mdebug[0m] [0m[0mjsonRpcNotify: JsonRpcNotificationMessage(2.0, build/taskStart, {"taskId":{"id":"14","parents":[]},"eventTime":1678810499092,"message":"Compiling hello-world","dataKind":"compile-task","data":{"target":{"uri":"file:/C:/Users/conor/Documents/Projects/spellPoints/hello-world/#hello-world/Compile"}}})[0m
[0m[[0m[0minfo[0m] [0m[0mcompiling 1 Scala source to C:\Users\conor\Documents\Projects\spellPoints\hello-world\target\scala-2.13\classes ...[0m
[0m[[0m[0mdebug[0m] [0m[0mjsonRpcNotify: JsonRpcNotificationMessage(2.0, build/logMessage, {"type":3,"message":"compiling 1 Scala source to C:\\Users\\conor\\Documents\\Projects\\spellPoints\\hello-world\\target\\scala-2.13\\classes ..."})[0m
[0m[[0m[0mdebug[0m] [0m[0mjsonRpcNotify: JsonRpcNotificationMessage(2.0, build/publishDiagnostics, {"textDocument":{"uri":"file:///C:/Users/conor/Documents/Projects/spellPoints/hello-world/src/main/scala/Main.scala"},"buildTarget":{"uri":"file:/C:/Users/conor/Documents/Projects/spellPoints/hello-world/#hello-world/Compile"},"diagnostics":[{"range":{"start":{"line":4,"character":7},"end":{"line":4,"character":14}},"severity":1,"source":"sbt","message":"not found: object scalafx"}],"reset":false})[0m
[0m[[0m[31merror[0m] [0m[0mC:\Users\conor\Documents\Projects\spellPoints\hello-world\src\main\scala\Main.scala:5:8: not found: object scalafx[0m
[0m[[0m[31merror[0m] [0m[0mimport scalafx.Includes._[0m
[0m[[0m[31merror[0m] [0m[0m       ^[0m
[0m[[0m[0mdebug[0m] [0m[0mjsonRpcNotify: JsonRpcNotificationMessage(2.0, build/logMessage, {"type":1,"message":"C:\\Users\\conor\\Documents\\Projects\\spellPoints\\hello-world\\src\\main\\scala\\Main.scala:5:8: not found: object scalafx"})[0m
[0m[[0m[0mdebug[0m] [0m[0mjsonRpcNotify: JsonRpcNotificationMessage(2.0, build/logMessage, {"type":1,"message":"import scalafx.Includes._"})[0m
[0m[[0m[0mdebug[0m] [0m[0mjsonRpcNotify: JsonRpcNotificationMessage(2.0, build/logMessage, {"type":1,"message":"       ^"})[0m
[0m[[0m[0mdebug[0m] [0m[0mjsonRpcNotify: JsonRpcNotificationMessage(2.0, build/publishDiagnostics, {"textDocument":{"uri":"file:///C:/Users/conor/Documents/Projects/spellPoints/hello-world/src/main/scala/Main.scala"},"buildTarget":{"uri":"file:/C:/Users/conor/Documents/Projects/spellPoints/hello-world/#hello-world/Compile"},"diagnostics":[{"range":{"start":{"line":5,"character":7},"end":{"line":5,"character":14}},"severity":1,"source":"sbt","message":"not found: object scalafx"}],"reset":false})[0m
[0m[[0m[31merror[0m] [0m[0mC:\Users\conor\Documents\Projects\spellPoints\hello-world\src\main\scala\Main.scala:6:8: not found: object scalafx[0m
[0m[[0m[31merror[0m] [0m[0mimport scalafx.application.JFXApp[0m
[0m[[0m[31merror[0m] [0m[0m       ^[0m
[0m[[0m[0mdebug[0m] [0m[0mjsonRpcNotify: JsonRpcNotificationMessage(2.0, build/logMessage, {"type":1,"message":"C:\\Users\\conor\\Documents\\Projects\\spellPoints\\hello-world\\src\\main\\scala\\Main.scala:6:8: not found: object scalafx"})[0m
[0m[[0m[0mdebug[0m] [0m[0mjsonRpcNotify: JsonRpcNotificationMessage(2.0, build/logMessage, {"type":1,"message":"import scalafx.application.JFXApp"})[0m
[0m[[0m[0mdebug[0m] [0m[0mjsonRpcNotify: JsonRpcNotificationMessage(2.0, build/logMessage, {"type":1,"message":"       ^"})[0m
[0m[[0m[0mdebug[0m] [0m[0mjsonRpcNotify: JsonRpcNotificationMessage(2.0, build/publishDiagnostics, {"textDocument":{"uri":"file:///C:/Users/conor/Documents/Projects/spellPoints/hello-world/src/main/scala/Main.scala"},"buildTarget":{"uri":"file:/C:/Users/conor/Documents/Projects/spellPoints/hello-world/#hello-world/Compile"},"diagnostics":[{"range":{"start":{"line":6,"character":7},"end":{"line":6,"character":14}},"severity":1,"source":"sbt","message":"not found: object scalafx"}],"reset":false})[0m
[0m[[0m[31merror[0m] [0m[0mC:\Users\conor\Documents\Projects\spellPoints\hello-world\src\main\scala\Main.scala:7:8: not found: object scalafx[0m
[0m[[0m[31merror[0m] [0m[0mimport scalafx.geometry.Insets[0m
[0m[[0m[31merror[0m] [0m[0m       ^[0m
[0m[[0m[0mdebug[0m] [0m[0mjsonRpcNotify: JsonRpcNotificationMessage(2.0, build/logMessage, {"type":1,"message":"C:\\Users\\conor\\Documents\\Projects\\spellPoints\\hello-world\\src\\main\\scala\\Main.scala:7:8: not found: object scalafx"})[0m
[0m[[0m[0mdebug[0m] [0m[0mjsonRpcNotify: JsonRpcNotificationMessage(2.0, build/logMessage, {"type":1,"message":"import scalafx.geometry.Insets"})[0m
[0m[[0m[0mdebug[0m] [0m[0mjsonRpcNotify: JsonRpcNotificationMessage(2.0, build/logMessage, {"type":1,"message":"       ^"})[0m
[0m[[0m[0mdebug[0m] [0m[0mjsonRpcNotify: JsonRpcNotificationMessage(2.0, build/publishDiagnostics, {"textDocument":{"uri":"file:///C:/Users/conor/Documents/Projects/spellPoints/hello-world/src/main/scala/Main.scala"},"buildTarget":{"uri":"file:/C:/Users/conor/Documents/Projects/spellPoints/hello-world/#hello-world/Compile"},"diagnostics":[{"range":{"start":{"line":7,"character":7},"end":{"line":7,"character":14}},"severity":1,"source":"sbt","message":"not found: object scalafx"}],"reset":false})[0m
[0m[[0m[31merror[0m] [0m[0mC:\Users\conor\Documents\Projects\spellPoints\hello-world\src\main\scala\Main.scala:8:8: not found: object scalafx[0m
[0m[[0m[31merror[0m] [0m[0mimport scalafx.scene.Scene[0m
[0m[[0m[31merror[0m] [0m[0m       ^[0m
[0m[[0m[0mdebug[0m] [0m[0mjsonRpcNotify: JsonRpcNotificationMessage(2.0, build/logMessage, {"type":1,"message":"C:\\Users\\conor\\Documents\\Projects\\spellPoints\\hello-world\\src\\main\\scala\\Main.scala:8:8: not found: object scalafx"})[0m
[0m[[0m[0mdebug[0m] [0m[0mjsonRpcNotify: JsonRpcNotificationMessage(2.0, build/logMessage, {"type":1,"message":"import scalafx.scene.Scene"})[0m
[0m[[0m[0mdebug[0m] [0m[0mjsonRpcNotify: JsonRpcNotificationMessage(2.0, build/logMessage, {"type":1,"message":"       ^"})[0m
[0m[[0m[0mdebug[0m] [0m[0mjsonRpcNotify: JsonRpcNotificationMessage(2.0, build/publishDiagnostics, {"textDocument":{"uri":"file:///C:/Users/conor/Documents/Projects/spellPoints/hello-world/src/main/scala/Main.scala"},"buildTarget":{"uri":"file:/C:/Users/conor/Documents/Projects/spellPoints/hello-world/#hello-world/Compile"},"diagnostics":[{"range":{"start":{"line":8,"character":7},"end":{"line":8,"character":14}},"severity":1,"source":"sbt","message":"not found: object scalafx"}],"reset":false})[0m
[0m[[0m[31merror[0m] [0m[0mC:\Users\conor\Documents\Projects\spellPoints\hello-world\src\main\scala\Main.scala:9:8: not found: object scalafx[0m
[0m[[0m[31merror[0m] [0m[0mimport scalafx.scene.control.{Button, Label, Spinner, SpinnerValueFactory}[0m
[0m[[0m[31merror[0m] [0m[0m       ^[0m
[0m[[0m[0mdebug[0m] [0m[0mjsonRpcNotify: JsonRpcNotificationMessage(2.0, build/logMessage, {"type":1,"message":"C:\\Users\\conor\\Documents\\Projects\\spellPoints\\hello-world\\src\\main\\scala\\Main.scala:9:8: not found: object scalafx"})[0m
[0m[[0m[0mdebug[0m] [0m[0mjsonRpcNotify: JsonRpcNotificationMessage(2.0, build/logMessage, {"type":1,"message":"import scalafx.scene.control.{Button, Label, Spinner, SpinnerValueFactory}"})[0m
[0m[[0m[0mdebug[0m] [0m[0mjsonRpcNotify: JsonRpcNotificationMessage(2.0, build/logMessage, {"type":1,"message":"       ^"})[0m
[0m[[0m[0mdebug[0m] [0m[0mjsonRpcNotify: JsonRpcNotificationMessage(2.0, build/publishDiagnostics, {"textDocument":{"uri":"file:///C:/Users/conor/Documents/Projects/spellPoints/hello-world/src/main/scala/Main.scala"},"buildTarget":{"uri":"file:/C:/Users/conor/Documents/Projects/spellPoints/hello-world/#hello-world/Compile"},"diagnostics":[{"range":{"start":{"line":9,"character":7},"end":{"line":9,"character":14}},"severity":1,"source":"sbt","message":"not found: object scalafx"}],"reset":false})[0m
[0m[[0m[31merror[0m] [0m[0mC:\Users\conor\Documents\Projects\spellPoints\hello-world\src\main\scala\Main.scala:10:8: not found: object scalafx[0m
[0m[[0m[31merror[0m] [0m[0mimport scalafx.scene.layout.{HBox, VBox}[0m
[0m[[0m[31merror[0m] [0m[0m       ^[0m
[0m[[0m[0mdebug[0m] [0m[0mjsonRpcNotify: JsonRpcNotificationMessage(2.0, build/logMessage, {"type":1,"message":"C:\\Users\\conor\\Documents\\Projects\\spellPoints\\hello-world\\src\\main\\scala\\Main.scala:10:8: not found: object scalafx"})[0m
[0m[[0m[0mdebug[0m] [0m[0mjsonRpcNotify: JsonRpcNotificationMessage(2.0, build/logMessage, {"type":1,"message":"import scalafx.scene.layout.{HBox, VBox}"})[0m
[0m[[0m[0mdebug[0m] [0m[0mjsonRpcNotify: JsonRpcNotificationMessage(2.0, build/logMessage, {"type":1,"message":"       ^"})[0m
[0m[[0m[0mdebug[0m] [0m[0mjsonRpcNotify: JsonRpcNotificationMessage(2.0, build/publishDiagnostics, {"textDocument":{"uri":"file:///C:/Users/conor/Documents/Projects/spellPoints/hello-world/src/main/scala/Main.scala"},"buildTarget":{"uri":"file:/C:/Users/conor/Documents/Projects/spellPoints/hello-world/#hello-world/Compile"},"diagnostics":[{"range":{"start":{"line":11,"character":33},"end":{"line":11,"character":34}},"severity":1,"source":"sbt","message":"not found: type JFXApp"}],"reset":false})[0m
[0m[[0m[31merror[0m] [0m[0mC:\Users\conor\Documents\Projects\spellPoints\hello-world\src\main\scala\Main.scala:12:34: not found: type JFXApp[0m
[0m[[0m[31merror[0m] [0m[0mobject SpellPointTracker extends JFXApp {[0m
[0m[[0m[31merror[0m] [0m[0m                                 ^[0m
[0m[[0m[0mdebug[0m] [0m[0mjsonRpcNotify: JsonRpcNotificationMessage(2.0, build/logMessage, {"type":1,"message":"C:\\Users\\conor\\Documents\\Projects\\spellPoints\\hello-world\\src\\main\\scala\\Main.scala:12:34: not found: type JFXApp"})[0m
[0m[[0m[0mdebug[0m] [0m[0mjsonRpcNotify: JsonRpcNotificationMessage(2.0, build/logMessage, {"type":1,"message":"object SpellPointTracker extends JFXApp {"})[0m
[0m[[0m[0mdebug[0m] [0m[0mjsonRpcNotify: JsonRpcNotificationMessage(2.0, build/logMessage, {"type":1,"message":"                                 ^"})[0m
[0m[[0m[0mdebug[0m] [0m[0mjsonRpcNotify: JsonRpcNotificationMessage(2.0, build/publishDiagnostics, {"textDocument":{"uri":"file:///C:/Users/conor/Documents/Projects/spellPoints/hello-world/src/main/scala/Main.scala"},"buildTarget":{"uri":"file:/C:/Users/conor/Documents/Projects/spellPoints/hello-world/#hello-world/Compile"},"diagnostics":[{"range":{"start":{"line":39,"character":29},"end":{"line":39,"character":34}},"severity":1,"source":"sbt","message":"not found: type Label"}],"reset":false})[0m
[0m[[0m[31merror[0m] [0m[0mC:\Users\conor\Documents\Projects\spellPoints\hello-world\src\main\scala\Main.scala:40:30: not found: type Label[0m
[0m[[0m[31merror[0m] [0m[0m  val totalPointsLabel = new Label(s"Total spell points: ${spellPoints.values.sum}")[0m
[0m[[0m[31merror[0m] [0m[0m                             ^[0m
[0m[[0m[0mdebug[0m] [0m[0mjsonRpcNotify: JsonRpcNotificationMessage(2.0, build/logMessage, {"type":1,"message":"C:\\Users\\conor\\Documents\\Projects\\spellPoints\\hello-world\\src\\main\\scala\\Main.scala:40:30: not found: type Label"})[0m
[0m[[0m[0mdebug[0m] [0m[0mjsonRpcNotify: JsonRpcNotificationMessage(2.0, build/logMessage, {"type":1,"message":"  val totalPointsLabel = new Label(s\"Total spell points: ${spellPoints.values.sum}\")"})[0m
[0m[[0m[0mdebug[0m] [0m[0mjsonRpcNotify: JsonRpcNotificationMessage(2.0, build/logMessage, {"type":1,"message":"                             ^"})[0m
[0m[[0m[0mdebug[0m] [0m[0mjsonRpcNotify: JsonRpcNotificationMessage(2.0, build/publishDiagnostics, {"textDocument":{"uri":"file:///C:/Users/conor/Documents/Projects/spellPoints/hello-world/src/main/scala/Main.scala"},"buildTarget":{"uri":"file:/C:/Users/conor/Documents/Projects/spellPoints/hello-world/#hello-world/Compile"},"diagnostics":[{"range":{"start":{"line":42,"character":30},"end":{"line":42,"character":37}},"severity":1,"source":"sbt","message":"not found: type Spinner"}],"reset":false})[0m
[0m[[0m[31merror[0m] [0m[0mC:\Users\conor\Documents\Projects\spellPoints\hello-world\src\main\scala\Main.scala:43:31: not found: type Spinner[0m
[0m[[0m[31merror[0m] [0m[0m  var spellLevelSpinners: Seq[Spinner[Int]] = Seq.empty[0m
[0m[[0m[31merror[0m] [0m[0m                              ^[0m
[0m[[0m[0mdebug[0m] [0m[0mjsonRpcNotify: JsonRpcNotificationMessage(2.0, build/logMessage, {"type":1,"message":"C:\\Users\\conor\\Documents\\Projects\\spellPoints\\hello-world\\src\\main\\scala\\Main.scala:43:31: not found: type Spinner"})[0m
[0m[[0m[0mdebug[0m] [0m[0mjsonRpcNotify: JsonRpcNotificationMessage(2.0, build/logMessage, {"type":1,"message":"  var spellLevelSpinners: Seq[Spinner[Int]] = Seq.empty"})[0m
[0m[[0m[0mdebug[0m] [0m[0mjsonRpcNotify: JsonRpcNotificationMessage(2.0, build/logMessage, {"type":1,"message":"                              ^"})[0m
[0m[[0m[0mdebug[0m] [0m[0mjsonRpcNotify: JsonRpcNotificationMessage(2.0, build/publishDiagnostics, {"textDocument":{"uri":"file:///C:/Users/conor/Documents/Projects/spellPoints/hello-world/src/main/scala/Main.scala"},"buildTarget":{"uri":"file:/C:/Users/conor/Documents/Projects/spellPoints/hello-world/#hello-world/Compile"},"diagnostics":[{"range":{"start":{"line":45,"character":31},"end":{"line":45,"character":38}},"severity":1,"source":"sbt","message":"not found: type Spinner"}],"reset":false})[0m
[0m[[0m[31merror[0m] [0m[0mC:\Users\conor\Documents\Projects\spellPoints\hello-world\src\main\scala\Main.scala:46:32: not found: type Spinner[0m
[0m[[0m[31merror[0m] [0m[0m  def initSpinner(level: Int): Spinner[Int] = {[0m
[0m[[0m[31merror[0m] [0m[0m                               ^[0m
[0m[[0m[0mdebug[0m] [0m[0mjsonRpcNotify: JsonRpcNotificationMessage(2.0, build/logMessage, {"type":1,"message":"C:\\Users\\conor\\Documents\\Projects\\spellPoints\\hello-world\\src\\main\\scala\\Main.scala:46:32: not found: type Spinner"})[0m
[0m[[0m[0mdebug[0m] [0m[0mjsonRpcNotify: JsonRpcNotificationMessage(2.0, build/logMessage, {"type":1,"message":"  def initSpinner(level: Int): Spinner[Int] = {"})[0m
[0m[[0m[0mdebug[0m] [0m[0mjsonRpcNotify: JsonRpcNotificationMessage(2.0, build/logMessage, {"type":1,"message":"                               ^"})[0m
[0m[[0m[0mdebug[0m] [0m[0mjsonRpcNotify: JsonRpcNotificationMessage(2.0, build/publishDiagnostics, {"textDocument":{"uri":"file:///C:/Users/conor/Documents/Projects/spellPoints/hello-world/src/main/scala/Main.scala"},"buildTarget":{"uri":"file:/C:/Users/conor/Documents/Projects/spellPoints/hello-world/#hello-world/Compile"},"diagnostics":[{"range":{"start":{"line":46,"character":22},"end":{"line":46,"character":29}},"severity":1,"source":"sbt","message":"not found: type Spinner"}],"reset":false})[0m
[0m[[0m[31merror[0m] [0m[0mC:\Users\conor\Documents\Projects\spellPoints\hello-world\src\main\scala\Main.scala:47:23: not found: type Spinner[0m
[0m[[0m[31merror[0m] [0m[0m    val spinner = new Spinner[Int](1, spellPointMax(level), spellPoints.getOrElse(level, 0))[0m
[0m[[0m[31merror[0m] [0m[0m                      ^[0m
[0m[[0m[0mdebug[0m] [0m[0mjsonRpcNotify: JsonRpcNotificationMessage(2.0, build/logMessage, {"type":1,"message":"C:\\Users\\conor\\Documents\\Projects\\spellPoints\\hello-world\\src\\main\\scala\\Main.scala:47:23: not found: type Spinner"})[0m
[0m[[0m[0mdebug[0m] [0m[0mjsonRpcNotify: JsonRpcNotificationMessage(2.0, build/logMessage, {"type":1,"message":"    val spinner = new Spinner[Int](1, spellPointMax(level), spellPoints.getOrElse(level, 0))"})[0m
[0m[[0m[0mdebug[0m] [0m[0mjsonRpcNotify: JsonRpcNotificationMessage(2.0, build/logMessage, {"type":1,"message":"                      ^"})[0m
[0m[[0m[0mdebug[0m] [0m[0mjsonRpcNotify: JsonRpcNotificationMessage(2.0, build/publishDiagnostics, {"textDocument":{"uri":"file:///C:/Users/conor/Documents/Projects/spellPoints/hello-world/src/main/scala/Main.scala"},"buildTarget":{"uri":"file:/C:/Users/conor/Documents/Projects/spellPoints/hello-world/#hello-world/Compile"},"diagnostics":[{"range":{"start":{"line":63,"character":27},"end":{"line":63,"character":33}},"severity":1,"source":"sbt","message":"not found: type Button"}],"reset":false})[0m
[0m[[0m[31merror[0m] [0m[0mC:\Users\conor\Documents\Projects\spellPoints\hello-world\src\main\scala\Main.scala:64:28: not found: type Button[0m
[0m[[0m[31merror[0m] [0m[0m  val resetAllButton = new Button("Reset all")[0m
[0m[[0m[31merror[0m] [0m[0m                           ^[0m
[0m[[0m[0mdebug[0m] [0m[0mjsonRpcNotify: JsonRpcNotificationMessage(2.0, build/logMessage, {"type":1,"message":"C:\\Users\\conor\\Documents\\Projects\\spellPoints\\hello-world\\src\\main\\scala\\Main.scala:64:28: not found: type Button"})[0m
[0m[[0m[0mdebug[0m] [0m[0mjsonRpcNotify: JsonRpcNotificationMessage(2.0, build/logMessage, {"type":1,"message":"  val resetAllButton = new Button(\"Reset all\")"})[0m
[0m[[0m[0mdebug[0m] [0m[0mjsonRpcNotify: JsonRpcNotificationMessage(2.0, build/logMessage, {"type":1,"message":"                           ^"})[0m
[0m[[0m[0mdebug[0m] [0m[0mjsonRpcNotify: JsonRpcNotificationMessage(2.0, build/publishDiagnostics, {"textDocument":{"uri":"file:///C:/Users/conor/Documents/Projects/spellPoints/hello-world/src/main/scala/Main.scala"},"buildTarget":{"uri":"file:/C:/Users/conor/Documents/Projects/spellPoints/hello-world/#hello-world/Compile"},"diagnostics":[{"range":{"start":{"line":70,"character":29},"end":{"line":70,"character":35}},"severity":1,"source":"sbt","message":"not found: type Button"}],"reset":false})[0m
[0m[[0m[31merror[0m] [0m[0mC:\Users\conor\Documents\Projects\spellPoints\hello-world\src\main\scala\Main.scala:71:30: not found: type Button[0m
[0m[[0m[31merror[0m] [0m[0m  val resetLevelButtons: Seq[Button] = spellPointMax.keys.toSeq.sorted.map(level => {[0m
[0m[[0m[31merror[0m] [0m[0m                             ^[0m
[0m[[0m[0mdebug[0m] [0m[0mjsonRpcNotify: JsonRpcNotificationMessage(2.0, build/logMessage, {"type":1,"message":"C:\\Users\\conor\\Documents\\Projects\\spellPoints\\hello-world\\src\\main\\scala\\Main.scala:71:30: not found: type Button"})[0m
[0m[[0m[0mdebug[0m] [0m[0mjsonRpcNotify: JsonRpcNotificationMessage(2.0, build/logMessage, {"type":1,"message":"  val resetLevelButtons: Seq[Button] = spellPointMax.keys.toSeq.sorted.map(level => {"})[0m
[0m[[0m[0mdebug[0m] [0m[0mjsonRpcNotify: JsonRpcNotificationMessage(2.0, build/logMessage, {"type":1,"message":"                             ^"})[0m
[0m[[0m[0mdebug[0m] [0m[0mjsonRpcNotify: JsonRpcNotificationMessage(2.0, build/publishDiagnostics, {"textDocument":{"uri":"file:///C:/Users/conor/Documents/Projects/spellPoints/hello-world/src/main/scala/Main.scala"},"buildTarget":{"uri":"file:/C:/Users/conor/Documents/Projects/spellPoints/hello-world/#hello-world/Compile"},"diagnostics":[{"range":{"start":{"line":71,"character":21},"end":{"line":71,"character":27}},"severity":1,"source":"sbt","message":"not found: type Button"}],"reset":false})[0m
[0m[[0m[31merror[0m] [0m[0mC:\Users\conor\Documents\Projects\spellPoints\hello-world\src\main\scala\Main.scala:72:22: not found: type Button[0m
[0m[[0m[31merror[0m] [0m[0m    val button = new Button(s"Reset level $level")[0m
[0m[[0m[31merror[0m] [0m[0m                     ^[0m
[0m[[0m[0mdebug[0m] [0m[0mjsonRpcNotify: JsonRpcNotificationMessage(2.0, build/logMessage, {"type":1,"message":"C:\\Users\\conor\\Documents\\Projects\\spellPoints\\hello-world\\src\\main\\scala\\Main.scala:72:22: not found: type Button"})[0m
[0m[[0m[0mdebug[0m] [0m[0mjsonRpcNotify: JsonRpcNotificationMessage(2.0, build/logMessage, {"type":1,"message":"    val button = new Button(s\"Reset level $level\")"})[0m
[0m[[0m[0mdebug[0m] [0m[0mjsonRpcNotify: JsonRpcNotificationMessage(2.0, build/logMessage, {"type":1,"message":"                     ^"})[0m
[0m[[0m[0mdebug[0m] [0m[0mjsonRpcNotify: JsonRpcNotificationMessage(2.0, build/publishDiagnostics, {"textDocument":{"uri":"file:///C:/Users/conor/Documents/Projects/spellPoints/hello-world/src/main/scala/Main.scala"},"buildTarget":{"uri":"file:/C:/Users/conor/Documents/Projects/spellPoints/hello-world/#hello-world/Compile"},"diagnostics":[{"range":{"start":{"line":81,"character":17},"end":{"line":81,"character":21}},"severity":1,"source":"sbt","message":"not found: type VBox"}],"reset":false})[0m
[0m[[0m[31merror[0m] [0m[0mC:\Users\conor\Documents\Projects\spellPoints\hello-world\src\main\scala\Main.scala:82:18: not found: type VBox[0m
[0m[[0m[31merror[0m] [0m[0m  val vBox = new VBox()[0m
[0m[[0m[31merror[0m] [0m[0m                 ^[0m
[0m[[0m[0mdebug[0m] [0m[0mjsonRpcNotify: JsonRpcNotificationMessage(2.0, build/logMessage, {"type":1,"message":"C:\\Users\\conor\\Documents\\Projects\\spellPoints\\hello-world\\src\\main\\scala\\Main.scala:82:18: not found: type VBox"})[0m
[0m[[0m[0mdebug[0m] [0m[0mjsonRpcNotify: JsonRpcNotificationMessage(2.0, build/logMessage, {"type":1,"message":"  val vBox = new VBox()"})[0m
[0m[[0m[0mdebug[0m] [0m[0mjsonRpcNotify: JsonRpcNotificationMessage(2.0, build/logMessage, {"type":1,"message":"                 ^"})[0m
[0m[[0m[0mdebug[0m] [0m[0mjsonRpcNotify: JsonRpcNotificationMessage(2.0, build/publishDiagnostics, {"textDocument":{"uri":"file:///C:/Users/conor/Documents/Projects/spellPoints/hello-world/src/main/scala/Main.scala"},"buildTarget":{"uri":"file:/C:/Users/conor/Documents/Projects/spellPoints/hello-world/#hello-world/Compile"},"diagnostics":[{"range":{"start":{"line":90,"character":2},"end":{"line":90,"character":7}},"severity":1,"source":"sbt","message":"not found: value stage"}],"reset":false})[0m
[0m[[0m[31merror[0m] [0m[0mC:\Users\conor\Documents\Projects\spellPoints\hello-world\src\main\scala\Main.scala:91:3: not found: value stage[0m
[0m[[0m[31merror[0m] [0m[0m  stage = new JFXApp.PrimaryStage {[0m
[0m[[0m[31merror[0m] [0m[0m  ^[0m
[0m[[0m[0mdebug[0m] [0m[0mjsonRpcNotify: JsonRpcNotificationMessage(2.0, build/logMessage, {"type":1,"message":"C:\\Users\\conor\\Documents\\Projects\\spellPoints\\hello-world\\src\\main\\scala\\Main.scala:91:3: not found: value stage"})[0m
[0m[[0m[0mdebug[0m] [0m[0mjsonRpcNotify: JsonRpcNotificationMessage(2.0, build/logMessage, {"type":1,"message":"  stage = new JFXApp.PrimaryStage {"})[0m
[0m[[0m[0mdebug[0m] [0m[0mjsonRpcNotify: JsonRpcNotificationMessage(2.0, build/logMessage, {"type":1,"message":"  ^"})[0m
[0m[[0m[0mdebug[0m] [0m[0mjsonRpcNotify: JsonRpcNotificationMessage(2.0, build/taskProgress, {"taskId":{"id":"14","parents":[]},"eventTime":1678810499557,"message":"Compiling hello-world (15%)","total":26,"progress":15,"dataKind":"compile-progress","data":{"target":{"uri":"file:/C:/Users/conor/Documents/Projects/spellPoints/hello-world/#hello-world/Compile"}}})[0m
[0m[[0m[0mdebug[0m] [0m[0mjsonRpcNotify: JsonRpcNotificationMessage(2.0, build/taskProgress, {"taskId":{"id":"14","parents":[]},"eventTime":1678810499557,"message":"Compiling hello-world (15%)","total":26,"progress":15,"dataKind":"compile-progress","data":{"target":{"uri":"file:/C:/Users/conor/Documents/Projects/spellPoints/hello-world/#hello-world/Compile"}}})[0m
[0m[[0m[31merror[0m] [0m[0m16 errors found[0m
[0m[[0m[0mdebug[0m] [0m[0mjsonRpcNotify: JsonRpcNotificationMessage(2.0, build/logMessage, {"type":1,"message":"16 errors found"})[0m
[0m[[0m[0mdebug[0m] [0m[0mjsonRpcNotify: JsonRpcNotificationMessage(2.0, build/publishDiagnostics, {"textDocument":{"uri":"file:///C:/Users/conor/Documents/Projects/spellPoints/hello-world/src/main/scala/Main.scala"},"buildTarget":{"uri":"file:/C:/Users/conor/Documents/Projects/spellPoints/hello-world/#hello-world/Compile"},"diagnostics":[{"range":{"start":{"line":4,"character":7},"end":{"line":4,"character":14}},"severity":1,"source":"sbt","message":"not found: object scalafx"},{"range":{"start":{"line":5,"character":7},"end":{"line":5,"character":14}},"severity":1,"source":"sbt","message":"not found: object scalafx"},{"range":{"start":{"line":6,"character":7},"end":{"line":6,"character":14}},"severity":1,"source":"sbt","message":"not found: object scalafx"},{"range":{"start":{"line":7,"character":7},"end":{"line":7,"character":14}},"severity":1,"source":"sbt","message":"not found: object scalafx"},{"range":{"start":{"line":8,"character":7},"end":{"line":8,"character":14}},"severity":1,"source":"sbt","message":"not found: object scalafx"},{"range":{"start":{"line":9,"character":7},"end":{"line":9,"character":14}},"severity":1,"source":"sbt","message":"not found: object scalafx"},{"range":{"start":{"line":11,"character":33},"end":{"line":11,"character":34}},"severity":1,"source":"sbt","message":"not found: type JFXApp"},{"range":{"start":{"line":39,"character":29},"end":{"line":39,"character":34}},"severity":1,"source":"sbt","message":"not found: type Label"},{"range":{"start":{"line":42,"character":30},"end":{"line":42,"character":37}},"severity":1,"source":"sbt","message":"not found: type Spinner"},{"range":{"start":{"line":45,"character":31},"end":{"line":45,"character":38}},"severity":1,"source":"sbt","message":"not found: type Spinner"},{"range":{"start":{"line":46,"character":22},"end":{"line":46,"character":29}},"severity":1,"source":"sbt","message":"not found: type Spinner"},{"range":{"start":{"line":63,"character":27},"end":{"line":63,"character":33}},"severity":1,"source":"sbt","message":"not found: type Button"},{"range":{"start":{"line":70,"character":29},"end":{"line":70,"character":35}},"severity":1,"source":"sbt","message":"not found: type Button"},{"range":{"start":{"line":71,"character":21},"end":{"line":71,"character":27}},"severity":1,"source":"sbt","message":"not found: type Button"},{"range":{"start":{"line":81,"character":17},"end":{"line":81,"character":21}},"severity":1,"source":"sbt","message":"not found: type VBox"},{"range":{"start":{"line":90,"character":2},"end":{"line":90,"character":7}},"severity":1,"source":"sbt","message":"not found: value stage"}],"reset":true})[0m
[0m[[0m[0mdebug[0m] [0m[0mjsonRpcNotify: JsonRpcNotificationMessage(2.0, build/taskFinish, {"taskId":{"id":"14","parents":[]},"eventTime":1678810499768,"message":"Compiled hello-world","status":2,"dataKind":"compile-report","data":{"target":{"uri":"file:/C:/Users/conor/Documents/Projects/spellPoints/hello-world/#hello-world/Compile"},"errors":16,"warnings":0,"time":676}})[0m
[0m[[0m[0mdebug[0m] [0m[0munmatched json error for requestId None: {"code":-32603,"message":"(Compile / \u001b[31mcompileIncremental\u001b[0m) Compilation failed"}[0m
[0m[[0m[31merror[0m] [0m[0m(Compile / [31mcompileIncremental[0m) Compilation failed[0m
[0m[[0m[0mdebug[0m] [0m[0mjsonRpcNotify: JsonRpcNotificationMessage(2.0, build/logMessage, {"type":1,"message":"(Compile / \u001b[31mcompileIncremental\u001b[0m) Compilation failed"})[0m
[0m[[0m[31merror[0m] [0m[0mTotal time: 1 s, completed 14 Mar 2023, 17:14:59[0m
[0m[[0m[0mdebug[0m] [0m[0munmatched Done event for requestId None: None[0m
[0m[[0m[0mdebug[0m] [0m[0m> Exec(__waitWatch console0, None, None)[0m
[0m[[0m[0mdebug[0m] [0m[0mUnhandled request received: shutdown: JsonRpcRequestMessage(2.0, ♨2, shutdown, null})[0m
