[0m[[0m[0mdebug[0m] [0m[0m> Exec(;Test/compile; collectAnalyses, None, Some(CommandSource(network-1)))[0m
[0m[[0m[0mdebug[0m] [0m[0munmatched Processing event for requestId None: None[0m
[0m[[0m[0mdebug[0m] [0m[0munmatched Done event for requestId None: None[0m
[0m[[0m[0mdebug[0m] [0m[0m> Exec(Test/compile, None, Some(CommandSource(network-1)))[0m
[0m[[0m[0mdebug[0m] [0m[0munmatched Processing event for requestId None: None[0m
[0m[[0m[0mdebug[0m] [0m[0mEvaluating tasks: Test / compile[0m
[0m[[0m[0mdebug[0m] [0m[0mRunning task... Cancel: Signal, check cycles: false, forcegc: true[0m
[0m[[0m[0mdebug[0m] [0m[0mjsonRpcNotify: JsonRpcNotificationMessage(2.0, build/taskStart, {"taskId":{"id":"4","parents":[]},"eventTime":1678905366283,"message":"Compiling hello-world","dataKind":"compile-task","data":{"target":{"uri":"file:/C:/Users/conor/Documents/Projects/hello-world/#hello-world/Compile"}}})[0m
[0m[[0m[0minfo[0m] [0m[0mcompiling 2 Scala sources to C:\Users\conor\Documents\Projects\hello-world\target\scala-2.13\classes ...[0m
[0m[[0m[0mdebug[0m] [0m[0mjsonRpcNotify: JsonRpcNotificationMessage(2.0, build/logMessage, {"type":3,"message":"compiling 2 Scala sources to C:\\Users\\conor\\Documents\\Projects\\hello-world\\target\\scala-2.13\\classes ..."})[0m
[0m[[0m[0mdebug[0m] [0m[0mjsonRpcNotify: JsonRpcNotificationMessage(2.0, build/taskProgress, {"taskId":{"id":"4","parents":[]},"eventTime":1678905366395,"message":"Compiling hello-world (5%)","total":52,"progress":5,"dataKind":"compile-progress","data":{"target":{"uri":"file:/C:/Users/conor/Documents/Projects/hello-world/#hello-world/Compile"}}})[0m
[0m[[0m[0mdebug[0m] [0m[0mjsonRpcNotify: JsonRpcNotificationMessage(2.0, build/taskProgress, {"taskId":{"id":"4","parents":[]},"eventTime":1678905367636,"message":"Compiling hello-world (15%)","total":52,"progress":15,"dataKind":"compile-progress","data":{"target":{"uri":"file:/C:/Users/conor/Documents/Projects/hello-world/#hello-world/Compile"}}})[0m
[0m[[0m[0mdebug[0m] [0m[0mjsonRpcNotify: JsonRpcNotificationMessage(2.0, build/taskProgress, {"taskId":{"id":"4","parents":[]},"eventTime":1678905367638,"message":"Compiling hello-world (15%)","total":52,"progress":15,"dataKind":"compile-progress","data":{"target":{"uri":"file:/C:/Users/conor/Documents/Projects/hello-world/#hello-world/Compile"}}})[0m
[0m[[0m[0mdebug[0m] [0m[0mjsonRpcNotify: JsonRpcNotificationMessage(2.0, build/taskProgress, {"taskId":{"id":"4","parents":[]},"eventTime":1678905367659,"message":"Compiling hello-world (25%)","total":52,"progress":25,"dataKind":"compile-progress","data":{"target":{"uri":"file:/C:/Users/conor/Documents/Projects/hello-world/#hello-world/Compile"}}})[0m
[0m[[0m[0mdebug[0m] [0m[0mjsonRpcNotify: JsonRpcNotificationMessage(2.0, build/taskProgress, {"taskId":{"id":"4","parents":[]},"eventTime":1678905367724,"message":"Compiling hello-world (30%)","total":52,"progress":30,"dataKind":"compile-progress","data":{"target":{"uri":"file:/C:/Users/conor/Documents/Projects/hello-world/#hello-world/Compile"}}})[0m
[0m[[0m[0mdebug[0m] [0m[0mjsonRpcNotify: JsonRpcNotificationMessage(2.0, build/taskProgress, {"taskId":{"id":"4","parents":[]},"eventTime":1678905367728,"message":"Compiling hello-world (30%)","total":52,"progress":30,"dataKind":"compile-progress","data":{"target":{"uri":"file:/C:/Users/conor/Documents/Projects/hello-world/#hello-world/Compile"}}})[0m
[0m[[0m[0mdebug[0m] [0m[0mjsonRpcNotify: JsonRpcNotificationMessage(2.0, build/taskProgress, {"taskId":{"id":"4","parents":[]},"eventTime":1678905367829,"message":"Compiling hello-world (40%)","total":52,"progress":40,"dataKind":"compile-progress","data":{"target":{"uri":"file:/C:/Users/conor/Documents/Projects/hello-world/#hello-world/Compile"}}})[0m
[0m[[0m[0mdebug[0m] [0m[0mjsonRpcNotify: JsonRpcNotificationMessage(2.0, build/taskProgress, {"taskId":{"id":"4","parents":[]},"eventTime":1678905368006,"message":"Compiling hello-world (50%)","total":52,"progress":50,"dataKind":"compile-progress","data":{"target":{"uri":"file:/C:/Users/conor/Documents/Projects/hello-world/#hello-world/Compile"}}})[0m
[0m[[0m[0mdebug[0m] [0m[0mjsonRpcNotify: JsonRpcNotificationMessage(2.0, build/taskProgress, {"taskId":{"id":"4","parents":[]},"eventTime":1678905368006,"message":"Compiling hello-world (50%)","total":52,"progress":50,"dataKind":"compile-progress","data":{"target":{"uri":"file:/C:/Users/conor/Documents/Projects/hello-world/#hello-world/Compile"}}})[0m
[0m[[0m[0mdebug[0m] [0m[0mjsonRpcNotify: JsonRpcNotificationMessage(2.0, build/taskProgress, {"taskId":{"id":"4","parents":[]},"eventTime":1678905368097,"message":"Compiling hello-world (55%)","total":52,"progress":55,"dataKind":"compile-progress","data":{"target":{"uri":"file:/C:/Users/conor/Documents/Projects/hello-world/#hello-world/Compile"}}})[0m
[0m[[0m[0mdebug[0m] [0m[0mjsonRpcNotify: JsonRpcNotificationMessage(2.0, build/taskProgress, {"taskId":{"id":"4","parents":[]},"eventTime":1678905368358,"message":"Compiling hello-world (65%)","total":52,"progress":65,"dataKind":"compile-progress","data":{"target":{"uri":"file:/C:/Users/conor/Documents/Projects/hello-world/#hello-world/Compile"}}})[0m
[0m[[0m[0mdebug[0m] [0m[0mjsonRpcNotify: JsonRpcNotificationMessage(2.0, build/taskProgress, {"taskId":{"id":"4","parents":[]},"eventTime":1678905368359,"message":"Compiling hello-world (65%)","total":52,"progress":65,"dataKind":"compile-progress","data":{"target":{"uri":"file:/C:/Users/conor/Documents/Projects/hello-world/#hello-world/Compile"}}})[0m
[0m[[0m[0mdebug[0m] [0m[0mjsonRpcNotify: JsonRpcNotificationMessage(2.0, build/taskProgress, {"taskId":{"id":"4","parents":[]},"eventTime":1678905368409,"message":"Compiling hello-world (75%)","total":52,"progress":75,"dataKind":"compile-progress","data":{"target":{"uri":"file:/C:/Users/conor/Documents/Projects/hello-world/#hello-world/Compile"}}})[0m
[0m[[0m[0mdebug[0m] [0m[0mjsonRpcNotify: JsonRpcNotificationMessage(2.0, build/taskProgress, {"taskId":{"id":"4","parents":[]},"eventTime":1678905368419,"message":"Compiling hello-world (80%)","total":52,"progress":80,"dataKind":"compile-progress","data":{"target":{"uri":"file:/C:/Users/conor/Documents/Projects/hello-world/#hello-world/Compile"}}})[0m
[0m[[0m[0mdebug[0m] [0m[0mjsonRpcNotify: JsonRpcNotificationMessage(2.0, build/taskProgress, {"taskId":{"id":"4","parents":[]},"eventTime":1678905368419,"message":"Compiling hello-world (80%)","total":52,"progress":80,"dataKind":"compile-progress","data":{"target":{"uri":"file:/C:/Users/conor/Documents/Projects/hello-world/#hello-world/Compile"}}})[0m
[0m[[0m[0mdebug[0m] [0m[0mjsonRpcNotify: JsonRpcNotificationMessage(2.0, build/taskProgress, {"taskId":{"id":"4","parents":[]},"eventTime":1678905368472,"message":"Compiling hello-world (90%)","total":52,"progress":90,"dataKind":"compile-progress","data":{"target":{"uri":"file:/C:/Users/conor/Documents/Projects/hello-world/#hello-world/Compile"}}})[0m
[0m[[0m[0mdebug[0m] [0m[0mjsonRpcNotify: JsonRpcNotificationMessage(2.0, build/taskProgress, {"taskId":{"id":"4","parents":[]},"eventTime":1678905368709,"message":"Compiling hello-world (100%)","total":52,"progress":100,"dataKind":"compile-progress","data":{"target":{"uri":"file:/C:/Users/conor/Documents/Projects/hello-world/#hello-world/Compile"}}})[0m
[0m[[0m[0mdebug[0m] [0m[0mjsonRpcNotify: JsonRpcNotificationMessage(2.0, build/taskProgress, {"taskId":{"id":"4","parents":[]},"eventTime":1678905368710,"message":"Compiling hello-world (100%)","total":52,"progress":100,"dataKind":"compile-progress","data":{"target":{"uri":"file:/C:/Users/conor/Documents/Projects/hello-world/#hello-world/Compile"}}})[0m
[0m[[0m[33mwarn[0m] [0m[0m2 deprecations (since 16.0.0-R23); re-run with -deprecation for details[0m
[0m[[0m[0mdebug[0m] [0m[0mjsonRpcNotify: JsonRpcNotificationMessage(2.0, build/logMessage, {"type":2,"message":"2 deprecations (since 16.0.0-R23); re-run with -deprecation for details"})[0m
[0m[[0m[33mwarn[0m] [0m[0mone warning found[0m
[0m[[0m[0mdebug[0m] [0m[0mjsonRpcNotify: JsonRpcNotificationMessage(2.0, build/logMessage, {"type":2,"message":"one warning found"})[0m
[0m[[0m[0mdebug[0m] [0m[0mjsonRpcNotify: JsonRpcNotificationMessage(2.0, build/publishDiagnostics, {"textDocument":{"uri":"file:///C:/Users/conor/Documents/Projects/hello-world/src/main/scala/Main1.scala"},"buildTarget":{"uri":"file:/C:/Users/conor/Documents/Projects/hello-world/#hello-world/Compile"},"diagnostics":[],"reset":true})[0m
[0m[[0m[0mdebug[0m] [0m[0mjsonRpcNotify: JsonRpcNotificationMessage(2.0, build/publishDiagnostics, {"textDocument":{"uri":"file:///C:/Users/conor/Documents/Projects/hello-world/src/main/scala/Main.scala"},"buildTarget":{"uri":"file:/C:/Users/conor/Documents/Projects/hello-world/#hello-world/Compile"},"diagnostics":[],"reset":true})[0m
[0m[[0m[0mdebug[0m] [0m[0mjsonRpcNotify: JsonRpcNotificationMessage(2.0, build/taskFinish, {"taskId":{"id":"4","parents":[]},"eventTime":1678905368730,"message":"Compiled hello-world","status":1,"dataKind":"compile-report","data":{"target":{"uri":"file:/C:/Users/conor/Documents/Projects/hello-world/#hello-world/Compile"},"errors":0,"warnings":0,"time":2447}})[0m
[0m[[0m[0mdebug[0m] [0m[0mjsonRpcNotify: JsonRpcNotificationMessage(2.0, build/taskStart, {"taskId":{"id":"5","parents":[]},"eventTime":1678905368789,"message":"Compiling hello-world-test","dataKind":"compile-task","data":{"target":{"uri":"file:/C:/Users/conor/Documents/Projects/hello-world/#hello-world/Test"}}})[0m
[0m[[0m[0mdebug[0m] [0m[0mjsonRpcNotify: JsonRpcNotificationMessage(2.0, build/taskFinish, {"taskId":{"id":"5","parents":[]},"eventTime":1678905368793,"message":"Compiled hello-world-test","status":1,"dataKind":"compile-report","data":{"target":{"uri":"file:/C:/Users/conor/Documents/Projects/hello-world/#hello-world/Test"},"errors":0,"warnings":0,"time":4}})[0m
[0m[[0m[32msuccess[0m] [0m[0mTotal time: 3 s, completed 15 Mar 2023, 19:36:08[0m
[0m[[0m[0mdebug[0m] [0m[0munmatched Done event for requestId None: None[0m
[0m[[0m[0mdebug[0m] [0m[0m> Exec(collectAnalyses, None, Some(CommandSource(network-1)))[0m
[0m[[0m[0mdebug[0m] [0m[0munmatched Processing event for requestId None: None[0m
[0m[[0m[0mdebug[0m] [0m[0mEvaluating tasks: Compile / collectAnalyses[0m
[0m[[0m[0mdebug[0m] [0m[0mRunning task... Cancel: Signal, check cycles: false, forcegc: true[0m
[0m[[0m[0mdebug[0m] [0m[0manalysis location (C:\Users\conor\Documents\Projects\hello-world\target\scala-2.13\zinc\inc_compile_2.13.zip,true)[0m
[0m[[0m[32msuccess[0m] [0m[0mTotal time: 0 s, completed 15 Mar 2023, 19:36:08[0m
[0m[[0m[0mdebug[0m] [0m[0munmatched Done event for requestId None: None[0m
[0m[[0m[0mdebug[0m] [0m[0m> Exec(shell, None, None)[0m
